0 info it worked if it ends with ok
1 verbose cli [ 'node', '/usr/local/bin/npm', 'install', '-g', 'mkjs' ]
2 info using npm@1.2.32
3 info using node@v0.10.12
4 verbose read json /usr/local/lib/package.json
5 verbose read json /usr/local/lib/package.json
6 verbose cache add [ 'mkjs', null ]
7 verbose cache add name=undefined spec="mkjs" args=["mkjs",null]
8 verbose parsed url { protocol: null,
8 verbose parsed url   slashes: null,
8 verbose parsed url   auth: null,
8 verbose parsed url   host: null,
8 verbose parsed url   port: null,
8 verbose parsed url   hostname: null,
8 verbose parsed url   hash: null,
8 verbose parsed url   search: null,
8 verbose parsed url   query: null,
8 verbose parsed url   pathname: 'mkjs',
8 verbose parsed url   path: 'mkjs',
8 verbose parsed url   href: 'mkjs' }
9 silly lockFile 9e90a66d-mkjs mkjs
10 verbose lock mkjs /Users/ianyang/.npm/9e90a66d-mkjs.lock
11 silly lockFile 9e90a66d-mkjs mkjs
12 verbose addNamed [ 'mkjs', '' ]
13 verbose addNamed [ null, '' ]
14 silly lockFile a98625fe-mkjs mkjs@
15 verbose lock mkjs@ /Users/ianyang/.npm/a98625fe-mkjs.lock
16 silly lockFile a98625fe-mkjs mkjs@
17 error Error: EACCES, open '/Users/ianyang/.npm/a98625fe-mkjs.lock'
17 error  { [Error: EACCES, open '/Users/ianyang/.npm/a98625fe-mkjs.lock']
17 error   errno: 3,
17 error   code: 'EACCES',
17 error   path: '/Users/ianyang/.npm/a98625fe-mkjs.lock' }
18 error Please try running this command again as root/Administrator.
19 error System Darwin 12.4.0
20 error command "node" "/usr/local/bin/npm" "install" "-g" "mkjs"
21 error cwd /Users/ianyang/Code/week3/day1
22 error node -v v0.10.12
23 error npm -v 1.2.32
24 error path /Users/ianyang/.npm/a98625fe-mkjs.lock
25 error code EACCES
26 error errno 3
27 error stack Error: EACCES, open '/Users/ianyang/.npm/a98625fe-mkjs.lock'
28 verbose exit [ 3, true ]
